<?xml version="1.0" encoding="UTF-8"?>
<!-- Generated by org.testng.reporters.JUnitReportReporter -->
<testsuite hostname="Lakshmas-MacBook-Air.local" failures="0" tests="1" name="qumu.RunnerTest" time="5.559" errors="0" timestamp="2020-12-16T11:40:44 GMT" skipped="0">
  <testcase classname="qumu.RunnerTest" name="feature" time="5.559"/>
</testsuite> <!-- qumu.RunnerTest -->
