<?xml version="1.0" encoding="UTF-8"?>
<!-- Generated by org.testng.reporters.JUnitReportReporter -->
<testsuite hostname="Lakshmas-MacBook-Air.local" failures="0" tests="1" name="qumu.RunnerTest" time="2.113" errors="0" timestamp="2020-12-15T23:48:28 GMT" skipped="0">
  <testcase classname="qumu.RunnerTest" name="feature" time="2.113"/>
</testsuite> <!-- qumu.RunnerTest -->
